[0.341s] Invoking command in '/home/parallels/ros_ws/src/Space-Robotics/path_planner/build/path_planner': PYTHONPATH=/home/parallels/ros_ws/src/Space-Robotics/path_planner/build/path_planner/prefix_override:/usr/lib/python3/dist-packages/colcon_core/task/python/colcon_distutils_commands:/home/parallels/ros_ws/src/Space-Robotics/path_planner/install/path_planner/lib/python3.10/site-packages:${PYTHONPATH} /usr/bin/python3 -W ignore:setup.py install is deprecated -W ignore:easy_install command is deprecated setup.py develop --editable --build-directory /home/parallels/ros_ws/src/Space-Robotics/path_planner/build/path_planner/build --no-deps symlink_data
[0.505s] running develop
[0.667s] running egg_info
[0.667s] creating path_planner.egg-info
[0.667s] writing path_planner.egg-info/PKG-INFO
[0.667s] writing dependency_links to path_planner.egg-info/dependency_links.txt
[0.667s] writing entry points to path_planner.egg-info/entry_points.txt
[0.667s] writing requirements to path_planner.egg-info/requires.txt
[0.667s] writing top-level names to path_planner.egg-info/top_level.txt
[0.667s] writing manifest file 'path_planner.egg-info/SOURCES.txt'
[0.669s] reading manifest file 'path_planner.egg-info/SOURCES.txt'
[0.670s] writing manifest file 'path_planner.egg-info/SOURCES.txt'
[0.671s] running build_ext
[0.671s] Creating /home/parallels/ros_ws/src/Space-Robotics/path_planner/install/path_planner/lib/python3.10/site-packages/path-planner.egg-link (link to .)
[0.671s] Installing graph_search_controller_node script to /home/parallels/ros_ws/src/Space-Robotics/path_planner/install/path_planner/lib/path_planner
[0.671s] 
[0.671s] Installed /home/parallels/ros_ws/src/Space-Robotics/path_planner/build/path_planner
[0.671s] running symlink_data
[0.671s] creating /home/parallels/ros_ws/src/Space-Robotics/path_planner/install/path_planner/share/ament_index
[0.671s] creating /home/parallels/ros_ws/src/Space-Robotics/path_planner/install/path_planner/share/ament_index/resource_index
[0.672s] creating /home/parallels/ros_ws/src/Space-Robotics/path_planner/install/path_planner/share/ament_index/resource_index/packages
[0.672s] symbolically linking /home/parallels/ros_ws/src/Space-Robotics/path_planner/build/path_planner/resource/path_planner -> /home/parallels/ros_ws/src/Space-Robotics/path_planner/install/path_planner/share/ament_index/resource_index/packages
[0.672s] symbolically linking /home/parallels/ros_ws/src/Space-Robotics/path_planner/build/path_planner/package.xml -> /home/parallels/ros_ws/src/Space-Robotics/path_planner/install/path_planner/share/path_planner
[0.672s] creating /home/parallels/ros_ws/src/Space-Robotics/path_planner/install/path_planner/share/path_planner/launch
[0.672s] symbolically linking /home/parallels/ros_ws/src/Space-Robotics/path_planner/build/path_planner/launch/path_planner.launch.py -> /home/parallels/ros_ws/src/Space-Robotics/path_planner/install/path_planner/share/path_planner/launch
[0.672s] creating /home/parallels/ros_ws/src/Space-Robotics/path_planner/install/path_planner/share/path_planner/config
[0.672s] symbolically linking /home/parallels/ros_ws/src/Space-Robotics/path_planner/build/path_planner/config/bastide_map.mat -> /home/parallels/ros_ws/src/Space-Robotics/path_planner/install/path_planner/share/path_planner/config
[0.672s] symbolically linking /home/parallels/ros_ws/src/Space-Robotics/path_planner/build/path_planner/config/parameters.yaml -> /home/parallels/ros_ws/src/Space-Robotics/path_planner/install/path_planner/share/path_planner/config
[0.672s] symbolically linking /home/parallels/ros_ws/src/Space-Robotics/path_planner/build/path_planner/config/planner_conf.rviz -> /home/parallels/ros_ws/src/Space-Robotics/path_planner/install/path_planner/share/path_planner/config
[0.686s] Invoked command in '/home/parallels/ros_ws/src/Space-Robotics/path_planner/build/path_planner' returned '0': PYTHONPATH=/home/parallels/ros_ws/src/Space-Robotics/path_planner/build/path_planner/prefix_override:/usr/lib/python3/dist-packages/colcon_core/task/python/colcon_distutils_commands:/home/parallels/ros_ws/src/Space-Robotics/path_planner/install/path_planner/lib/python3.10/site-packages:${PYTHONPATH} /usr/bin/python3 -W ignore:setup.py install is deprecated -W ignore:easy_install command is deprecated setup.py develop --editable --build-directory /home/parallels/ros_ws/src/Space-Robotics/path_planner/build/path_planner/build --no-deps symlink_data
