[0.683s] DEBUG:colcon:Command line arguments: ['/usr/bin/colcon', 'build', '--symlink-install', '--packages-select', 'path_planner']
[0.684s] DEBUG:colcon:Parsed command line arguments: Namespace(log_base=None, log_level=None, verb_name='build', build_base='build', install_base='install', merge_install=False, symlink_install=True, test_result_base=None, continue_on_error=False, executor='parallel', parallel_workers=2, event_handlers=None, ignore_user_meta=False, metas=['./colcon.meta'], base_paths=['.'], packages_ignore=None, packages_ignore_regex=None, paths=None, packages_up_to=None, packages_up_to_regex=None, packages_above=None, packages_above_and_dependencies=None, packages_above_depth=None, packages_select_by_dep=None, packages_skip_by_dep=None, packages_skip_up_to=None, packages_select_build_failed=False, packages_skip_build_finished=False, packages_select_test_failures=False, packages_skip_test_passed=False, packages_select=['path_planner'], packages_skip=None, packages_select_regex=None, packages_skip_regex=None, packages_start=None, packages_end=None, allow_overriding=[], cmake_args=None, cmake_target=None, cmake_target_skip_unavailable=False, cmake_clean_cache=False, cmake_clean_first=False, cmake_force_configure=False, ament_cmake_args=None, catkin_cmake_args=None, catkin_skip_building_tests=False, mixin_files=None, mixin=None, verb_parser=<colcon_mixin.mixin.mixin_argument.MixinArgumentDecorator object at 0xffffa93da500>, verb_extension=<colcon_core.verb.build.BuildVerb object at 0xffffa93d9f00>, main=<bound method BuildVerb.main of <colcon_core.verb.build.BuildVerb object at 0xffffa93d9f00>>, mixin_verb=('build',))
[1.468s] Level 1:colcon.colcon_core.package_discovery:discover_packages(colcon_meta) check parameters
[1.469s] Level 1:colcon.colcon_core.package_discovery:discover_packages(recursive) check parameters
[1.469s] Level 1:colcon.colcon_core.package_discovery:discover_packages(ignore) check parameters
[1.469s] Level 1:colcon.colcon_core.package_discovery:discover_packages(path) check parameters
[1.469s] Level 1:colcon.colcon_core.package_discovery:discover_packages(colcon_meta) discover
[1.469s] Level 1:colcon.colcon_core.package_discovery:discover_packages(recursive) discover
[1.469s] INFO:colcon.colcon_core.package_discovery:Crawling recursively for packages in '/home/parallels/ros_ws/src/Space-Robotics/path_planner'
[1.469s] Level 1:colcon.colcon_core.package_identification:_identify(.) by extensions ['ignore', 'ignore_ament_install']
[1.469s] Level 1:colcon.colcon_core.package_identification:_identify(.) by extension 'ignore'
[1.469s] Level 1:colcon.colcon_core.package_identification:_identify(.) by extension 'ignore_ament_install'
[1.469s] Level 1:colcon.colcon_core.package_identification:_identify(.) by extensions ['colcon_pkg']
[1.469s] Level 1:colcon.colcon_core.package_identification:_identify(.) by extension 'colcon_pkg'
[1.469s] Level 1:colcon.colcon_core.package_identification:_identify(.) by extensions ['colcon_meta']
[1.470s] Level 1:colcon.colcon_core.package_identification:_identify(.) by extension 'colcon_meta'
[1.470s] Level 1:colcon.colcon_core.package_identification:_identify(.) by extensions ['ros']
[1.470s] Level 1:colcon.colcon_core.package_identification:_identify(.) by extension 'ros'
[1.487s] DEBUG:colcon.colcon_core.package_identification:Package '.' with type 'ros.ament_python' and name 'path_planner'
[1.487s] Level 1:colcon.colcon_core.package_discovery:discover_packages(recursive) using defaults
[1.487s] Level 1:colcon.colcon_core.package_discovery:discover_packages(ignore) discover
[1.487s] Level 1:colcon.colcon_core.package_discovery:discover_packages(ignore) using defaults
[1.487s] Level 1:colcon.colcon_core.package_discovery:discover_packages(path) discover
[1.487s] Level 1:colcon.colcon_core.package_discovery:discover_packages(path) using defaults
[1.526s] Level 1:colcon.colcon_core.package_discovery:discover_packages(prefix_path) check parameters
[1.526s] Level 1:colcon.colcon_core.package_discovery:discover_packages(prefix_path) discover
[1.531s] DEBUG:colcon.colcon_installed_package_information.package_discovery:Found 4 installed packages in /home/parallels/ros_ws/install
[1.535s] DEBUG:colcon.colcon_installed_package_information.package_discovery:Found 313 installed packages in /opt/ros/humble
[1.536s] Level 1:colcon.colcon_core.package_discovery:discover_packages(prefix_path) using defaults
[1.665s] Level 5:colcon.colcon_core.verb:set package 'path_planner' build argument 'cmake_args' from command line to 'None'
[1.665s] Level 5:colcon.colcon_core.verb:set package 'path_planner' build argument 'cmake_target' from command line to 'None'
[1.666s] Level 5:colcon.colcon_core.verb:set package 'path_planner' build argument 'cmake_target_skip_unavailable' from command line to 'False'
[1.666s] Level 5:colcon.colcon_core.verb:set package 'path_planner' build argument 'cmake_clean_cache' from command line to 'False'
[1.666s] Level 5:colcon.colcon_core.verb:set package 'path_planner' build argument 'cmake_clean_first' from command line to 'False'
[1.666s] Level 5:colcon.colcon_core.verb:set package 'path_planner' build argument 'cmake_force_configure' from command line to 'False'
[1.666s] Level 5:colcon.colcon_core.verb:set package 'path_planner' build argument 'ament_cmake_args' from command line to 'None'
[1.666s] Level 5:colcon.colcon_core.verb:set package 'path_planner' build argument 'catkin_cmake_args' from command line to 'None'
[1.666s] Level 5:colcon.colcon_core.verb:set package 'path_planner' build argument 'catkin_skip_building_tests' from command line to 'False'
[1.666s] DEBUG:colcon.colcon_core.verb:Building package 'path_planner' with the following arguments: {'ament_cmake_args': None, 'build_base': '/home/parallels/ros_ws/src/Space-Robotics/path_planner/build/path_planner', 'catkin_cmake_args': None, 'catkin_skip_building_tests': False, 'cmake_args': None, 'cmake_clean_cache': False, 'cmake_clean_first': False, 'cmake_force_configure': False, 'cmake_target': None, 'cmake_target_skip_unavailable': False, 'install_base': '/home/parallels/ros_ws/src/Space-Robotics/path_planner/install/path_planner', 'merge_install': False, 'path': '/home/parallels/ros_ws/src/Space-Robotics/path_planner', 'symlink_install': True, 'test_result_base': None}
[1.666s] INFO:colcon.colcon_core.executor:Executing jobs using 'parallel' executor
[1.669s] DEBUG:colcon.colcon_parallel_executor.executor.parallel:run_until_complete
[1.669s] INFO:colcon.colcon_ros.task.ament_python.build:Building ROS package in '/home/parallels/ros_ws/src/Space-Robotics/path_planner' with build type 'ament_python'
[1.669s] Level 1:colcon.colcon_core.shell:create_environment_hook('path_planner', 'ament_prefix_path')
[1.681s] INFO:colcon.colcon_core.plugin_system:Skipping extension 'colcon_core.shell.bat': Not used on non-Windows systems
[1.681s] INFO:colcon.colcon_core.shell:Creating environment hook '/home/parallels/ros_ws/src/Space-Robotics/path_planner/install/path_planner/share/path_planner/hook/ament_prefix_path.ps1'
[1.689s] INFO:colcon.colcon_core.shell:Creating environment descriptor '/home/parallels/ros_ws/src/Space-Robotics/path_planner/install/path_planner/share/path_planner/hook/ament_prefix_path.dsv'
[1.692s] INFO:colcon.colcon_core.shell:Creating environment hook '/home/parallels/ros_ws/src/Space-Robotics/path_planner/install/path_planner/share/path_planner/hook/ament_prefix_path.sh'
[1.697s] INFO:colcon.colcon_core.shell:Skip shell extension 'powershell' for command environment: Not usable outside of PowerShell
[1.697s] DEBUG:colcon.colcon_core.shell:Skip shell extension 'dsv' for command environment
[3.582s] INFO:colcon.colcon_core.task.python.build:Building Python package in '/home/parallels/ros_ws/src/Space-Robotics/path_planner'
[3.584s] INFO:colcon.colcon_core.shell:Skip shell extension 'powershell' for command environment: Not usable outside of PowerShell
[3.584s] DEBUG:colcon.colcon_core.shell:Skip shell extension 'dsv' for command environment
[6.165s] DEBUG:colcon.colcon_core.event_handler.log_command:Invoking command in '/home/parallels/ros_ws/src/Space-Robotics/path_planner/build/path_planner': PYTHONPATH=/home/parallels/ros_ws/src/Space-Robotics/path_planner/build/path_planner/prefix_override:/usr/lib/python3/dist-packages/colcon_core/task/python/colcon_distutils_commands:/home/parallels/ros_ws/src/Space-Robotics/path_planner/install/path_planner/lib/python3.10/site-packages:${PYTHONPATH} /usr/bin/python3 -W ignore:setup.py install is deprecated -W ignore:easy_install command is deprecated setup.py develop --editable --build-directory /home/parallels/ros_ws/src/Space-Robotics/path_planner/build/path_planner/build --no-deps symlink_data
[9.450s] Level 1:colcon.colcon_core.shell:create_environment_hook('path_planner', 'pythonpath_develop')
[9.451s] DEBUG:colcon.colcon_core.event_handler.log_command:Invoked command in '/home/parallels/ros_ws/src/Space-Robotics/path_planner/build/path_planner' returned '0': PYTHONPATH=/home/parallels/ros_ws/src/Space-Robotics/path_planner/build/path_planner/prefix_override:/usr/lib/python3/dist-packages/colcon_core/task/python/colcon_distutils_commands:/home/parallels/ros_ws/src/Space-Robotics/path_planner/install/path_planner/lib/python3.10/site-packages:${PYTHONPATH} /usr/bin/python3 -W ignore:setup.py install is deprecated -W ignore:easy_install command is deprecated setup.py develop --editable --build-directory /home/parallels/ros_ws/src/Space-Robotics/path_planner/build/path_planner/build --no-deps symlink_data
[9.468s] INFO:colcon.colcon_core.shell:Creating environment hook '/home/parallels/ros_ws/src/Space-Robotics/path_planner/build/path_planner/share/path_planner/hook/pythonpath_develop.ps1'
[9.471s] INFO:colcon.colcon_core.shell:Creating environment descriptor '/home/parallels/ros_ws/src/Space-Robotics/path_planner/build/path_planner/share/path_planner/hook/pythonpath_develop.dsv'
[9.473s] INFO:colcon.colcon_core.shell:Creating environment hook '/home/parallels/ros_ws/src/Space-Robotics/path_planner/build/path_planner/share/path_planner/hook/pythonpath_develop.sh'
[9.490s] Level 1:colcon.colcon_core.environment:checking '/home/parallels/ros_ws/src/Space-Robotics/path_planner/install/path_planner' for CMake module files
[9.494s] Level 1:colcon.colcon_core.environment:checking '/home/parallels/ros_ws/src/Space-Robotics/path_planner/install/path_planner' for CMake config files
[9.497s] Level 1:colcon.colcon_core.environment:checking '/home/parallels/ros_ws/src/Space-Robotics/path_planner/install/path_planner/lib'
[9.497s] Level 1:colcon.colcon_core.environment:checking '/home/parallels/ros_ws/src/Space-Robotics/path_planner/install/path_planner/bin'
[9.497s] Level 1:colcon.colcon_core.environment:checking '/home/parallels/ros_ws/src/Space-Robotics/path_planner/install/path_planner/lib/pkgconfig/path_planner.pc'
[9.497s] Level 1:colcon.colcon_core.environment:checking '/home/parallels/ros_ws/src/Space-Robotics/path_planner/install/path_planner/lib/python3.10/site-packages'
[9.497s] Level 1:colcon.colcon_core.shell:create_environment_hook('path_planner', 'pythonpath')
[9.497s] INFO:colcon.colcon_core.shell:Creating environment hook '/home/parallels/ros_ws/src/Space-Robotics/path_planner/install/path_planner/share/path_planner/hook/pythonpath.ps1'
[9.497s] INFO:colcon.colcon_core.shell:Creating environment descriptor '/home/parallels/ros_ws/src/Space-Robotics/path_planner/install/path_planner/share/path_planner/hook/pythonpath.dsv'
[9.498s] INFO:colcon.colcon_core.shell:Creating environment hook '/home/parallels/ros_ws/src/Space-Robotics/path_planner/install/path_planner/share/path_planner/hook/pythonpath.sh'
[9.498s] Level 1:colcon.colcon_core.environment:checking '/home/parallels/ros_ws/src/Space-Robotics/path_planner/install/path_planner/bin'
[9.498s] Level 1:colcon.colcon_core.environment:create_environment_scripts_only(path_planner)
[9.498s] INFO:colcon.colcon_core.shell:Creating package script '/home/parallels/ros_ws/src/Space-Robotics/path_planner/install/path_planner/share/path_planner/package.ps1'
[9.501s] INFO:colcon.colcon_core.shell:Creating package descriptor '/home/parallels/ros_ws/src/Space-Robotics/path_planner/install/path_planner/share/path_planner/package.dsv'
[9.502s] INFO:colcon.colcon_core.shell:Creating package script '/home/parallels/ros_ws/src/Space-Robotics/path_planner/install/path_planner/share/path_planner/package.sh'
[9.502s] INFO:colcon.colcon_core.shell:Creating package script '/home/parallels/ros_ws/src/Space-Robotics/path_planner/install/path_planner/share/path_planner/package.bash'
[9.503s] INFO:colcon.colcon_core.shell:Creating package script '/home/parallels/ros_ws/src/Space-Robotics/path_planner/install/path_planner/share/path_planner/package.zsh'
[9.505s] Level 1:colcon.colcon_core.environment:create_file_with_runtime_dependencies(/home/parallels/ros_ws/src/Space-Robotics/path_planner/install/path_planner/share/colcon-core/packages/path_planner)
[9.507s] DEBUG:colcon.colcon_parallel_executor.executor.parallel:closing loop
[9.507s] DEBUG:colcon.colcon_parallel_executor.executor.parallel:loop closed
[9.507s] DEBUG:colcon.colcon_parallel_executor.executor.parallel:run_until_complete finished with '0'
[9.507s] DEBUG:colcon.colcon_core.event_reactor:joining thread
[9.704s] INFO:colcon.colcon_core.plugin_system:Skipping extension 'colcon_notification.desktop_notification.terminal_notifier': Not used on non-Darwin systems
[9.704s] INFO:colcon.colcon_core.plugin_system:Skipping extension 'colcon_notification.desktop_notification.win32': Not used on non-Windows systems
[9.704s] INFO:colcon.colcon_notification.desktop_notification:Sending desktop notification using 'notify2'
[9.938s] DEBUG:colcon.colcon_core.event_reactor:joined thread
[9.938s] INFO:colcon.colcon_core.shell:Creating prefix script '/home/parallels/ros_ws/src/Space-Robotics/path_planner/install/local_setup.ps1'
[9.941s] INFO:colcon.colcon_core.shell:Creating prefix util module '/home/parallels/ros_ws/src/Space-Robotics/path_planner/install/_local_setup_util_ps1.py'
[9.942s] INFO:colcon.colcon_core.shell:Creating prefix chain script '/home/parallels/ros_ws/src/Space-Robotics/path_planner/install/setup.ps1'
[9.981s] INFO:colcon.colcon_core.shell:Creating prefix script '/home/parallels/ros_ws/src/Space-Robotics/path_planner/install/local_setup.sh'
[9.982s] INFO:colcon.colcon_core.shell:Creating prefix util module '/home/parallels/ros_ws/src/Space-Robotics/path_planner/install/_local_setup_util_sh.py'
[9.983s] INFO:colcon.colcon_core.shell:Creating prefix chain script '/home/parallels/ros_ws/src/Space-Robotics/path_planner/install/setup.sh'
[9.984s] INFO:colcon.colcon_core.shell:Creating prefix script '/home/parallels/ros_ws/src/Space-Robotics/path_planner/install/local_setup.bash'
[9.984s] INFO:colcon.colcon_core.shell:Creating prefix chain script '/home/parallels/ros_ws/src/Space-Robotics/path_planner/install/setup.bash'
[9.985s] INFO:colcon.colcon_core.shell:Creating prefix script '/home/parallels/ros_ws/src/Space-Robotics/path_planner/install/local_setup.zsh'
[9.985s] INFO:colcon.colcon_core.shell:Creating prefix chain script '/home/parallels/ros_ws/src/Space-Robotics/path_planner/install/setup.zsh'
